<?xml version="1.0" encoding="UTF-8"?>
<testsuites name="LoginTC" time="1" tests="1" failures="0" errors="0">
   <testsuite name="LoginTC" tests="1" failures="0" errors="0" time="1" timestamp="2017-12-17 11:30:53" hostname="Nayods - NSLAPRK.mshome.net" id="Test Suites/Gmail_General_TC/LoginTC">
      <properties>
         <property name="deviceName" value=""/>
         <property name="devicePlatform" value=""/>
         <property name="logFolder" value="C:\\Users\\Nayods\\git\\SoftwareTest_Framework\\Reports\\Gmail_General_TC\\LoginTC\\20171217_113051"/>
         <property name="logFiles" value="C:\\Users\\Nayods\\git\\SoftwareTest_Framework\\Reports\\Gmail_General_TC\\LoginTC\\20171217_113051\\execution0.log"/>
         <property name="attachments" value=""/>
         <property name="hostName" value="Nayods - NSLAPRK.mshome.net"/>
         <property name="hostAddress" value="192.168.239.145"/>
         <property name="os" value="Windows 10 64bit"/>
         <property name="katalonVersion" value="5.1.0.2"/>
      </properties>
      <testcase name="Test Cases/Login_Logout/Login" classname="Test Cases/Login_Logout/Login" status="PASSED">
         <system-out><![CDATA[2017-12-17 11:30:54 - [TEST_CASE][PASSED] - Test Cases/Login_Logout/Login: Test Cases/Login_Logout/Login

2017-12-17 11:30:54 - [TEST_STEP][PASSED] - Statement - return null: null]]></system-out>
         <system-err><![CDATA[]]></system-err>
      </testcase>
      <system-out><![CDATA[2017-12-17 11:30:53 - [TEST_SUITE][PASSED] - LoginTC: Test Cases/Login_Logout/Login]]></system-out>
      <system-err><![CDATA[]]></system-err>
   </testsuite>
</testsuites>
